This is pdfTeX, Version 3.14159265-2.6-1.40.15 (TeX Live 2014) (preloaded format=pdflatex 2016.10.25)  2 JAN 2017 20:36
entering extended mode
 restricted \write18 enabled.
 %&-line parsing enabled.
**embedded.tex
(./embedded.tex
LaTeX2e <2014/05/01>
Babel <3.9l> and hyphenation patterns for 7 languages loaded.
(/usr/share/texmf-dist/tex/latex/base/article.cls
Document Class: article 2007/10/19 v1.4h Standard LaTeX document class
(/usr/share/texmf-dist/tex/latex/base/size11.clo
File: size11.clo 2007/10/19 v1.4h Standard LaTeX file (size option)
)
\c@part=\count79
\c@section=\count80
\c@subsection=\count81
\c@subsubsection=\count82
\c@paragraph=\count83
\c@subparagraph=\count84
\c@figure=\count85
\c@table=\count86
\abovecaptionskip=\skip41
\belowcaptionskip=\skip42
\bibindent=\dimen102
)
(/usr/share/texmf-dist/tex/latex/geometry/geometry.sty
Package: geometry 2010/09/12 v5.6 Page Geometry

(/usr/share/texmf-dist/tex/latex/graphics/keyval.sty
Package: keyval 2014/05/08 v1.15 key=value parser (DPC)
\KV@toks@=\toks14
)
(/usr/share/texmf-dist/tex/generic/oberdiek/ifpdf.sty
Package: ifpdf 2011/01/30 v2.3 Provides the ifpdf switch (HO)
Package ifpdf Info: pdfTeX in PDF mode is detected.
)
(/usr/share/texmf-dist/tex/generic/oberdiek/ifvtex.sty
Package: ifvtex 2010/03/01 v1.5 Detect VTeX and its facilities (HO)
Package ifvtex Info: VTeX not detected.
)
(/usr/share/texmf-dist/tex/generic/ifxetex/ifxetex.sty
Package: ifxetex 2010/09/12 v0.6 Provides ifxetex conditional
)
\Gm@cnth=\count87
\Gm@cntv=\count88
\c@Gm@tempcnt=\count89
\Gm@bindingoffset=\dimen103
\Gm@wd@mp=\dimen104
\Gm@odd@mp=\dimen105
\Gm@even@mp=\dimen106
\Gm@layoutwidth=\dimen107
\Gm@layoutheight=\dimen108
\Gm@layouthoffset=\dimen109
\Gm@layoutvoffset=\dimen110
\Gm@dimlist=\toks15
)
(/usr/share/texmf-dist/tex/generic/babel/babel.sty
Package: babel 2014/09/25 3.9l The Babel package

(/usr/share/texmf-dist/tex/generic/babel-english/english.ldf
Language: english 2012/08/20 v3.3p English support from the babel system

(/usr/share/texmf-dist/tex/generic/babel/babel.def
File: babel.def 2014/09/25 3.9l Babel common definitions
\babel@savecnt=\count90
\U@D=\dimen111
)
\l@british = a dialect from \language\l@english 
\l@UKenglish = a dialect from \language\l@english 
\l@canadian = a dialect from \language\l@american 
\l@australian = a dialect from \language\l@british 
\l@newzealand = a dialect from \language\l@british 
))
(/usr/share/texmf-dist/tex/latex/koma-script/scrextend.sty
Package: scrextend 2013/12/19 v3.12 KOMA-Script KOMA-Script package (extend oth
er classes with features of KOMA-Script classes)

(/usr/share/texmf-dist/tex/latex/koma-script/scrkbase.sty
Package: scrkbase 2013/12/19 v3.12 KOMA-Script package (KOMA-Script-dependent b
asics and keyval usage)

(/usr/share/texmf-dist/tex/latex/koma-script/scrbase.sty
Package: scrbase 2013/12/19 v3.12 KOMA-Script package (KOMA-Script-independent 
basics and keyval usage)

(/usr/share/texmf-dist/tex/latex/koma-script/scrlfile.sty
Package: scrlfile 2013/12/19 v3.12 KOMA-Script package (loading files)

Package scrlfile, 2013/12/19 v3.12 KOMA-Script package (loading files)
                  Copyright (C) Markus Kohm

)))) (/usr/share/texmf-dist/tex/latex/listings/listings.sty
\lst@mode=\count91
\lst@gtempboxa=\box26
\lst@token=\toks16
\lst@length=\count92
\lst@currlwidth=\dimen112
\lst@column=\count93
\lst@pos=\count94
\lst@lostspace=\dimen113
\lst@width=\dimen114
\lst@newlines=\count95
\lst@lineno=\count96
\lst@maxwidth=\dimen115

(/usr/share/texmf-dist/tex/latex/listings/lstmisc.sty
File: lstmisc.sty 2014/09/06 1.5e (Carsten Heinz)
\c@lstnumber=\count97
\lst@skipnumbers=\count98
\lst@framebox=\box27
)
(/usr/share/texmf-dist/tex/latex/listings/listings.cfg
File: listings.cfg 2014/09/06 1.5e listings configuration
))
Package: listings 2014/09/06 1.5e (Carsten Heinz)

(/usr/share/texmf-site/tex/latex/xcolor/xcolor.sty
Package: xcolor 2007/01/21 v2.11 LaTeX color extensions (UK)

(/usr/share/texmf-dist/tex/latex/latexconfig/color.cfg
File: color.cfg 2007/01/18 v1.5 color configuration of teTeX/TeXLive
)
Package xcolor Info: Driver file: pdftex.def on input line 225.

(/usr/share/texmf-dist/tex/latex/pdftex-def/pdftex.def
File: pdftex.def 2011/05/27 v0.06d Graphics/color for pdfTeX

(/usr/share/texmf-dist/tex/generic/oberdiek/infwarerr.sty
Package: infwarerr 2010/04/08 v1.3 Providing info/warning/error messages (HO)
)
(/usr/share/texmf-dist/tex/generic/oberdiek/ltxcmds.sty
Package: ltxcmds 2011/11/09 v1.22 LaTeX kernel commands for general use (HO)
)
\Gread@gobject=\count99
)
Package xcolor Info: Model `cmy' substituted by `cmy0' on input line 1337.
Package xcolor Info: Model `hsb' substituted by `rgb' on input line 1341.
Package xcolor Info: Model `RGB' extended on input line 1353.
Package xcolor Info: Model `HTML' substituted by `rgb' on input line 1355.
Package xcolor Info: Model `Hsb' substituted by `hsb' on input line 1356.
Package xcolor Info: Model `tHsb' substituted by `hsb' on input line 1357.
Package xcolor Info: Model `HSB' substituted by `hsb' on input line 1358.
Package xcolor Info: Model `Gray' substituted by `gray' on input line 1359.
Package xcolor Info: Model `wave' substituted by `hsb' on input line 1360.
)
(/usr/share/texmf-dist/tex/latex/graphics/graphicx.sty
Package: graphicx 2014/04/25 v1.0g Enhanced LaTeX Graphics (DPC,SPQR)

(/usr/share/texmf-dist/tex/latex/graphics/graphics.sty
Package: graphics 2009/02/05 v1.0o Standard LaTeX Graphics (DPC,SPQR)

(/usr/share/texmf-dist/tex/latex/graphics/trig.sty
Package: trig 1999/03/16 v1.09 sin cos tan (DPC)
)
(/usr/share/texmf-dist/tex/latex/latexconfig/graphics.cfg
File: graphics.cfg 2010/04/23 v1.9 graphics configuration of TeX Live
)
Package graphics Info: Driver file: pdftex.def on input line 91.
)
\Gin@req@height=\dimen116
\Gin@req@width=\dimen117
)
(/usr/share/texmf-dist/tex/latex/wrapfig/wrapfig.sty
\wrapoverhang=\dimen118
\WF@size=\dimen119
\c@WF@wrappedlines=\count100
\WF@box=\box28
\WF@everypar=\toks17
Package: wrapfig 2003/01/31  v 3.6
)
(/usr/share/texmf-site/tex/latex/pgf/frontendlayer/tikz.sty
(/usr/share/texmf-site/tex/latex/pgf/basiclayer/pgf.sty
(/usr/share/texmf-site/tex/latex/pgf/utilities/pgfrcs.sty
(/usr/share/texmf-site/tex/generic/pgf/utilities/pgfutil-common.tex
\pgfutil@everybye=\toks18
\pgfutil@tempdima=\dimen120
\pgfutil@tempdimb=\dimen121

(/usr/share/texmf-site/tex/generic/pgf/utilities/pgfutil-common-lists.tex))
(/usr/share/texmf-site/tex/generic/pgf/utilities/pgfutil-latex.def
\pgfutil@abb=\box29

(/usr/share/texmf-dist/tex/latex/ms/everyshi.sty
Package: everyshi 2001/05/15 v3.00 EveryShipout Package (MS)
))
(/usr/share/texmf-site/tex/generic/pgf/utilities/pgfrcs.code.tex
Package: pgfrcs 2015/08/07 v3.0.1 (rcs-revision 1.31)
))
Package: pgf 2015/08/07 v3.0.1 (rcs-revision 1.15)

(/usr/share/texmf-site/tex/latex/pgf/basiclayer/pgfcore.sty
(/usr/share/texmf-site/tex/latex/pgf/systemlayer/pgfsys.sty
(/usr/share/texmf-site/tex/generic/pgf/systemlayer/pgfsys.code.tex
Package: pgfsys 2014/07/09 v3.0.1 (rcs-revision 1.48)

(/usr/share/texmf-site/tex/generic/pgf/utilities/pgfkeys.code.tex
\pgfkeys@pathtoks=\toks19
\pgfkeys@temptoks=\toks20

(/usr/share/texmf-site/tex/generic/pgf/utilities/pgfkeysfiltered.code.tex
\pgfkeys@tmptoks=\toks21
))
\pgf@x=\dimen122
\pgf@y=\dimen123
\pgf@xa=\dimen124
\pgf@ya=\dimen125
\pgf@xb=\dimen126
\pgf@yb=\dimen127
\pgf@xc=\dimen128
\pgf@yc=\dimen129
\w@pgf@writea=\write3
\r@pgf@reada=\read1
\c@pgf@counta=\count101
\c@pgf@countb=\count102
\c@pgf@countc=\count103
\c@pgf@countd=\count104
\t@pgf@toka=\toks22
\t@pgf@tokb=\toks23
\t@pgf@tokc=\toks24

(/usr/share/texmf-site/tex/generic/pgf/systemlayer/pgf.cfg
File: pgf.cfg 2008/05/14  (rcs-revision 1.7)
)
Driver file for pgf: pgfsys-pdftex.def

(/usr/share/texmf-site/tex/generic/pgf/systemlayer/pgfsys-pdftex.def
File: pgfsys-pdftex.def 2014/10/11  (rcs-revision 1.35)

(/usr/share/texmf-site/tex/generic/pgf/systemlayer/pgfsys-common-pdf.def
File: pgfsys-common-pdf.def 2013/10/10  (rcs-revision 1.13)
)))
(/usr/share/texmf-site/tex/generic/pgf/systemlayer/pgfsyssoftpath.code.tex
File: pgfsyssoftpath.code.tex 2013/09/09  (rcs-revision 1.9)
\pgfsyssoftpath@smallbuffer@items=\count105
\pgfsyssoftpath@bigbuffer@items=\count106
)
(/usr/share/texmf-site/tex/generic/pgf/systemlayer/pgfsysprotocol.code.tex
File: pgfsysprotocol.code.tex 2006/10/16  (rcs-revision 1.4)
))
(/usr/share/texmf-site/tex/generic/pgf/basiclayer/pgfcore.code.tex
Package: pgfcore 2010/04/11 v3.0.1 (rcs-revision 1.7)

(/usr/share/texmf-site/tex/generic/pgf/math/pgfmath.code.tex
(/usr/share/texmf-site/tex/generic/pgf/math/pgfmathcalc.code.tex
(/usr/share/texmf-site/tex/generic/pgf/math/pgfmathutil.code.tex)
(/usr/share/texmf-site/tex/generic/pgf/math/pgfmathparser.code.tex
\pgfmath@dimen=\dimen130
\pgfmath@count=\count107
\pgfmath@box=\box30
\pgfmath@toks=\toks25
\pgfmath@stack@operand=\toks26
\pgfmath@stack@operation=\toks27
)
(/usr/share/texmf-site/tex/generic/pgf/math/pgfmathfunctions.code.tex
(/usr/share/texmf-site/tex/generic/pgf/math/pgfmathfunctions.basic.code.tex)
(/usr/share/texmf-site/tex/generic/pgf/math/pgfmathfunctions.trigonometric.code
.tex)
(/usr/share/texmf-site/tex/generic/pgf/math/pgfmathfunctions.random.code.tex)
(/usr/share/texmf-site/tex/generic/pgf/math/pgfmathfunctions.comparison.code.te
x) (/usr/share/texmf-site/tex/generic/pgf/math/pgfmathfunctions.base.code.tex)
(/usr/share/texmf-site/tex/generic/pgf/math/pgfmathfunctions.round.code.tex)
(/usr/share/texmf-site/tex/generic/pgf/math/pgfmathfunctions.misc.code.tex)
(/usr/share/texmf-site/tex/generic/pgf/math/pgfmathfunctions.integerarithmetics
.code.tex))) (/usr/share/texmf-site/tex/generic/pgf/math/pgfmathfloat.code.tex
\c@pgfmathroundto@lastzeros=\count108
)) (/usr/share/texmf-site/tex/generic/pgf/basiclayer/pgfcorepoints.code.tex
File: pgfcorepoints.code.tex 2013/10/07  (rcs-revision 1.27)
\pgf@picminx=\dimen131
\pgf@picmaxx=\dimen132
\pgf@picminy=\dimen133
\pgf@picmaxy=\dimen134
\pgf@pathminx=\dimen135
\pgf@pathmaxx=\dimen136
\pgf@pathminy=\dimen137
\pgf@pathmaxy=\dimen138
\pgf@xx=\dimen139
\pgf@xy=\dimen140
\pgf@yx=\dimen141
\pgf@yy=\dimen142
\pgf@zx=\dimen143
\pgf@zy=\dimen144
)
(/usr/share/texmf-site/tex/generic/pgf/basiclayer/pgfcorepathconstruct.code.tex
File: pgfcorepathconstruct.code.tex 2013/10/07  (rcs-revision 1.29)
\pgf@path@lastx=\dimen145
\pgf@path@lasty=\dimen146
) (/usr/share/texmf-site/tex/generic/pgf/basiclayer/pgfcorepathusage.code.tex
File: pgfcorepathusage.code.tex 2014/11/02  (rcs-revision 1.24)
\pgf@shorten@end@additional=\dimen147
\pgf@shorten@start@additional=\dimen148
)
(/usr/share/texmf-site/tex/generic/pgf/basiclayer/pgfcorescopes.code.tex
File: pgfcorescopes.code.tex 2015/05/08  (rcs-revision 1.46)
\pgfpic=\box31
\pgf@hbox=\box32
\pgf@layerbox@main=\box33
\pgf@picture@serial@count=\count109
)
(/usr/share/texmf-site/tex/generic/pgf/basiclayer/pgfcoregraphicstate.code.tex
File: pgfcoregraphicstate.code.tex 2014/11/02  (rcs-revision 1.12)
\pgflinewidth=\dimen149
)
(/usr/share/texmf-site/tex/generic/pgf/basiclayer/pgfcoretransformations.code.t
ex
File: pgfcoretransformations.code.tex 2015/08/07  (rcs-revision 1.20)
\pgf@pt@x=\dimen150
\pgf@pt@y=\dimen151
\pgf@pt@temp=\dimen152
) (/usr/share/texmf-site/tex/generic/pgf/basiclayer/pgfcorequick.code.tex
File: pgfcorequick.code.tex 2008/10/09  (rcs-revision 1.3)
)
(/usr/share/texmf-site/tex/generic/pgf/basiclayer/pgfcoreobjects.code.tex
File: pgfcoreobjects.code.tex 2006/10/11  (rcs-revision 1.2)
)
(/usr/share/texmf-site/tex/generic/pgf/basiclayer/pgfcorepathprocessing.code.te
x
File: pgfcorepathprocessing.code.tex 2013/09/09  (rcs-revision 1.9)
) (/usr/share/texmf-site/tex/generic/pgf/basiclayer/pgfcorearrows.code.tex
File: pgfcorearrows.code.tex 2015/05/14  (rcs-revision 1.43)
\pgfarrowsep=\dimen153
)
(/usr/share/texmf-site/tex/generic/pgf/basiclayer/pgfcoreshade.code.tex
File: pgfcoreshade.code.tex 2013/07/15  (rcs-revision 1.15)
\pgf@max=\dimen154
\pgf@sys@shading@range@num=\count110
)
(/usr/share/texmf-site/tex/generic/pgf/basiclayer/pgfcoreimage.code.tex
File: pgfcoreimage.code.tex 2013/07/15  (rcs-revision 1.18)

(/usr/share/texmf-site/tex/generic/pgf/basiclayer/pgfcoreexternal.code.tex
File: pgfcoreexternal.code.tex 2014/07/09  (rcs-revision 1.21)
\pgfexternal@startupbox=\box34
))
(/usr/share/texmf-site/tex/generic/pgf/basiclayer/pgfcorelayers.code.tex
File: pgfcorelayers.code.tex 2013/07/18  (rcs-revision 1.7)
)
(/usr/share/texmf-site/tex/generic/pgf/basiclayer/pgfcoretransparency.code.tex
File: pgfcoretransparency.code.tex 2013/09/30  (rcs-revision 1.5)
) (/usr/share/texmf-site/tex/generic/pgf/basiclayer/pgfcorepatterns.code.tex
File: pgfcorepatterns.code.tex 2013/11/07  (rcs-revision 1.5)
)))
(/usr/share/texmf-site/tex/generic/pgf/modules/pgfmoduleshapes.code.tex
File: pgfmoduleshapes.code.tex 2014/03/21  (rcs-revision 1.35)
\pgfnodeparttextbox=\box35
)
(/usr/share/texmf-site/tex/generic/pgf/modules/pgfmoduleplot.code.tex
File: pgfmoduleplot.code.tex 2015/08/03  (rcs-revision 1.13)
)
(/usr/share/texmf-site/tex/latex/pgf/compatibility/pgfcomp-version-0-65.sty
Package: pgfcomp-version-0-65 2007/07/03 v3.0.1 (rcs-revision 1.7)
\pgf@nodesepstart=\dimen155
\pgf@nodesepend=\dimen156
)
(/usr/share/texmf-site/tex/latex/pgf/compatibility/pgfcomp-version-1-18.sty
Package: pgfcomp-version-1-18 2007/07/23 v3.0.1 (rcs-revision 1.1)
))
(/usr/share/texmf-site/tex/latex/pgf/utilities/pgffor.sty
(/usr/share/texmf-site/tex/latex/pgf/utilities/pgfkeys.sty
(/usr/share/texmf-site/tex/generic/pgf/utilities/pgfkeys.code.tex))
(/usr/share/texmf-site/tex/latex/pgf/math/pgfmath.sty
(/usr/share/texmf-site/tex/generic/pgf/math/pgfmath.code.tex))
(/usr/share/texmf-site/tex/generic/pgf/utilities/pgffor.code.tex
Package: pgffor 2013/12/13 v3.0.1 (rcs-revision 1.25)

(/usr/share/texmf-site/tex/generic/pgf/math/pgfmath.code.tex)
\pgffor@iter=\dimen157
\pgffor@skip=\dimen158
\pgffor@stack=\toks28
\pgffor@toks=\toks29
))
(/usr/share/texmf-site/tex/generic/pgf/frontendlayer/tikz/tikz.code.tex
Package: tikz 2015/08/07 v3.0.1 (rcs-revision 1.151)

(/usr/share/texmf-site/tex/generic/pgf/libraries/pgflibraryplothandlers.code.te
x
File: pgflibraryplothandlers.code.tex 2013/08/31 v3.0.1 (rcs-revision 1.20)
\pgf@plot@mark@count=\count111
\pgfplotmarksize=\dimen159
)
\tikz@lastx=\dimen160
\tikz@lasty=\dimen161
\tikz@lastxsaved=\dimen162
\tikz@lastysaved=\dimen163
\tikzleveldistance=\dimen164
\tikzsiblingdistance=\dimen165
\tikz@figbox=\box36
\tikz@figbox@bg=\box37
\tikz@tempbox=\box38
\tikz@tempbox@bg=\box39
\tikztreelevel=\count112
\tikznumberofchildren=\count113
\tikznumberofcurrentchild=\count114
\tikz@fig@count=\count115
 (/usr/share/texmf-site/tex/generic/pgf/modules/pgfmodulematrix.code.tex
File: pgfmodulematrix.code.tex 2013/09/17  (rcs-revision 1.8)
\pgfmatrixcurrentrow=\count116
\pgfmatrixcurrentcolumn=\count117
\pgf@matrix@numberofcolumns=\count118
)
\tikz@expandcount=\count119

(/usr/share/texmf-site/tex/generic/pgf/frontendlayer/tikz/libraries/tikzlibrary
topaths.code.tex
File: tikzlibrarytopaths.code.tex 2008/06/17 v3.0.1 (rcs-revision 1.2)
))) (/usr/share/texmf-dist/tex/latex/mdwtools/footnote.sty
Package: footnote 1997/01/28 1.13 Save footnotes around boxes
\fn@notes=\box40
\fn@width=\dimen166
)
(/usr/share/texmf-dist/tex/latex/hyperref/hyperref.sty
Package: hyperref 2012/11/06 v6.83m Hypertext links for LaTeX

(/usr/share/texmf-dist/tex/generic/oberdiek/hobsub-hyperref.sty
Package: hobsub-hyperref 2012/05/28 v1.13 Bundle oberdiek, subset hyperref (HO)


(/usr/share/texmf-dist/tex/generic/oberdiek/hobsub-generic.sty
Package: hobsub-generic 2012/05/28 v1.13 Bundle oberdiek, subset generic (HO)
Package: hobsub 2012/05/28 v1.13 Construct package bundles (HO)
Package hobsub Info: Skipping package `infwarerr' (already loaded).
Package hobsub Info: Skipping package `ltxcmds' (already loaded).
Package: ifluatex 2010/03/01 v1.3 Provides the ifluatex switch (HO)
Package ifluatex Info: LuaTeX not detected.
Package hobsub Info: Skipping package `ifvtex' (already loaded).
Package: intcalc 2007/09/27 v1.1 Expandable calculations with integers (HO)
Package hobsub Info: Skipping package `ifpdf' (already loaded).
Package: etexcmds 2011/02/16 v1.5 Avoid name clashes with e-TeX commands (HO)
Package etexcmds Info: Could not find \expanded.
(etexcmds)             That can mean that you are not using pdfTeX 1.50 or
(etexcmds)             that some package has redefined \expanded.
(etexcmds)             In the latter case, load this package earlier.
Package: kvsetkeys 2012/04/25 v1.16 Key value parser (HO)
Package: kvdefinekeys 2011/04/07 v1.3 Define keys (HO)
Package: pdftexcmds 2011/11/29 v0.20 Utility functions of pdfTeX for LuaTeX (HO
)
Package pdftexcmds Info: LuaTeX not detected.
Package pdftexcmds Info: \pdf@primitive is available.
Package pdftexcmds Info: \pdf@ifprimitive is available.
Package pdftexcmds Info: \pdfdraftmode found.
Package: pdfescape 2011/11/25 v1.13 Implements pdfTeX's escape features (HO)
Package: bigintcalc 2012/04/08 v1.3 Expandable calculations on big integers (HO
)
Package: bitset 2011/01/30 v1.1 Handle bit-vector datatype (HO)
Package: uniquecounter 2011/01/30 v1.2 Provide unlimited unique counter (HO)
)
Package hobsub Info: Skipping package `hobsub' (already loaded).
Package: letltxmacro 2010/09/02 v1.4 Let assignment for LaTeX macros (HO)
Package: hopatch 2012/05/28 v1.2 Wrapper for package hooks (HO)
Package: xcolor-patch 2011/01/30 xcolor patch
Package: atveryend 2011/06/30 v1.8 Hooks at the very end of document (HO)
Package atveryend Info: \enddocument detected (standard20110627).
Package: atbegshi 2011/10/05 v1.16 At begin shipout hook (HO)
Package: refcount 2011/10/16 v3.4 Data extraction from label references (HO)
Package: hycolor 2011/01/30 v1.7 Color options for hyperref/bookmark (HO)
)
(/usr/share/texmf-dist/tex/latex/oberdiek/auxhook.sty
Package: auxhook 2011/03/04 v1.3 Hooks for auxiliary files (HO)
)
(/usr/share/texmf-dist/tex/latex/oberdiek/kvoptions.sty
Package: kvoptions 2011/06/30 v3.11 Key value format for package options (HO)
)
\@linkdim=\dimen167
\Hy@linkcounter=\count120
\Hy@pagecounter=\count121

(/usr/share/texmf-dist/tex/latex/hyperref/pd1enc.def
File: pd1enc.def 2012/11/06 v6.83m Hyperref: PDFDocEncoding definition (HO)
)
\Hy@SavedSpaceFactor=\count122

(/usr/share/texmf-dist/tex/latex/latexconfig/hyperref.cfg
File: hyperref.cfg 2002/06/06 v1.2 hyperref configuration of TeXLive
)
Package hyperref Info: Hyper figures OFF on input line 4443.
Package hyperref Info: Link nesting OFF on input line 4448.
Package hyperref Info: Hyper index ON on input line 4451.
Package hyperref Info: Plain pages OFF on input line 4458.
Package hyperref Info: Backreferencing OFF on input line 4463.
Package hyperref Info: Implicit mode ON; LaTeX internals redefined.
Package hyperref Info: Bookmarks ON on input line 4688.
\c@Hy@tempcnt=\count123

(/usr/share/texmf-dist/tex/latex/url/url.sty
\Urlmuskip=\muskip10
Package: url 2013/09/16  ver 3.4  Verb mode for urls, etc.
)
LaTeX Info: Redefining \url on input line 5041.
\XeTeXLinkMargin=\dimen168
\Fld@menulength=\count124
\Field@Width=\dimen169
\Fld@charsize=\dimen170
Package hyperref Info: Hyper figures OFF on input line 6295.
Package hyperref Info: Link nesting OFF on input line 6300.
Package hyperref Info: Hyper index ON on input line 6303.
Package hyperref Info: backreferencing OFF on input line 6310.
Package hyperref Info: Link coloring OFF on input line 6315.
Package hyperref Info: Link coloring with OCG OFF on input line 6320.
Package hyperref Info: PDF/A mode OFF on input line 6325.
LaTeX Info: Redefining \ref on input line 6365.
LaTeX Info: Redefining \pageref on input line 6369.
\Hy@abspage=\count125
\c@Item=\count126
\c@Hfootnote=\count127
)

Package hyperref Message: Driver (autodetected): hpdftex.

(/usr/share/texmf-dist/tex/latex/hyperref/hpdftex.def
File: hpdftex.def 2012/11/06 v6.83m Hyperref driver for pdfTeX
\Fld@listcount=\count128
\c@bookmark@seq@number=\count129

(/usr/share/texmf-dist/tex/latex/oberdiek/rerunfilecheck.sty
Package: rerunfilecheck 2011/04/15 v1.7 Rerun checks for auxiliary files (HO)
Package uniquecounter Info: New unique counter `rerunfilecheck' on input line 2
82.
)
\Hy@SectionHShift=\skip43
)
(/usr/share/texmf-dist/tex/latex/amsmath/amsmath.sty
Package: amsmath 2013/01/14 v2.14 AMS math features
\@mathmargin=\skip44

For additional information on amsmath, use the `?' option.
(/usr/share/texmf-dist/tex/latex/amsmath/amstext.sty
Package: amstext 2000/06/29 v2.01

(/usr/share/texmf-dist/tex/latex/amsmath/amsgen.sty
File: amsgen.sty 1999/11/30 v2.0
\@emptytoks=\toks30
\ex@=\dimen171
))
(/usr/share/texmf-dist/tex/latex/amsmath/amsbsy.sty
Package: amsbsy 1999/11/29 v1.2d
\pmbraise@=\dimen172
)
(/usr/share/texmf-dist/tex/latex/amsmath/amsopn.sty
Package: amsopn 1999/12/14 v2.01 operator names
)
\inf@bad=\count130
LaTeX Info: Redefining \frac on input line 210.
\uproot@=\count131
\leftroot@=\count132
LaTeX Info: Redefining \overline on input line 306.
\classnum@=\count133
\DOTSCASE@=\count134
LaTeX Info: Redefining \ldots on input line 378.
LaTeX Info: Redefining \dots on input line 381.
LaTeX Info: Redefining \cdots on input line 466.
\Mathstrutbox@=\box41
\strutbox@=\box42
\big@size=\dimen173
LaTeX Font Info:    Redeclaring font encoding OML on input line 566.
LaTeX Font Info:    Redeclaring font encoding OMS on input line 567.
\macc@depth=\count135
\c@MaxMatrixCols=\count136
\dotsspace@=\muskip11
\c@parentequation=\count137
\dspbrk@lvl=\count138
\tag@help=\toks31
\row@=\count139
\column@=\count140
\maxfields@=\count141
\andhelp@=\toks32
\eqnshift@=\dimen174
\alignsep@=\dimen175
\tagshift@=\dimen176
\tagwidth@=\dimen177
\totwidth@=\dimen178
\lineht@=\dimen179
\@envbody=\toks33
\multlinegap=\skip45
\multlinetaggap=\skip46
\mathdisplay@stack=\toks34
LaTeX Info: Redefining \[ on input line 2665.
LaTeX Info: Redefining \] on input line 2666.
)
(/usr/share/texmf-dist/tex/latex/mathtools/mathtools.sty
Package: mathtools 2014/07/16 v1.15 mathematical typesetting tools

(/usr/share/texmf-dist/tex/latex/tools/calc.sty
Package: calc 2007/08/22 v4.3 Infix arithmetic (KKT,FJ)
\calc@Acount=\count142
\calc@Bcount=\count143
\calc@Adimen=\dimen180
\calc@Bdimen=\dimen181
\calc@Askip=\skip47
\calc@Bskip=\skip48
LaTeX Info: Redefining \setlength on input line 75.
LaTeX Info: Redefining \addtolength on input line 76.
\calc@Ccount=\count144
\calc@Cskip=\skip49
)
(/usr/share/texmf-dist/tex/latex/mathtools/mhsetup.sty
Package: mhsetup 2010/01/21 v1.2a programming setup (MH)
)
LaTeX Info: Thecontrolsequence`\['isalreadyrobust on input line 129.
LaTeX Info: Thecontrolsequence`\]'isalreadyrobust on input line 129.
\g_MT_multlinerow_int=\count145
\l_MT_multwidth_dim=\dimen182
\origjot=\skip50
\l_MT_shortvdotswithinadjustabove_dim=\dimen183
\l_MT_shortvdotswithinadjustbelow_dim=\dimen184
\l_MT_above_intertext_sep=\dimen185
\l_MT_below_intertext_sep=\dimen186
\l_MT_above_shortintertext_sep=\dimen187
\l_MT_below_shortintertext_sep=\dimen188
)
(/usr/share/texmf-dist/tex/latex/cite/cite.sty
LaTeX Info: Redefining \cite on input line 302.
LaTeX Info: Redefining \nocite on input line 373.
Package: cite 2010/09/10  v 5.3
)
(/usr/share/texmf-site/tex/generic/pgf/frontendlayer/tikz/libraries/tikzlibrary
shapes.code.tex
File: tikzlibraryshapes.code.tex 2008/01/09 v3.0.1 (rcs-revision 1.1)

(/usr/share/texmf-site/tex/generic/pgf/frontendlayer/tikz/libraries/tikzlibrary
shapes.geometric.code.tex
File: tikzlibraryshapes.geometric.code.tex 2008/01/09 v3.0.1 (rcs-revision 1.1)


(/usr/share/texmf-site/tex/generic/pgf/libraries/shapes/pgflibraryshapes.geomet
ric.code.tex
File: pgflibraryshapes.geometric.code.tex 2008/06/26 v3.0.1 (rcs-revision 1.1)
))
(/usr/share/texmf-site/tex/generic/pgf/frontendlayer/tikz/libraries/tikzlibrary
shapes.misc.code.tex
File: tikzlibraryshapes.misc.code.tex 2008/01/09 v3.0.1 (rcs-revision 1.1)

(/usr/share/texmf-site/tex/generic/pgf/libraries/shapes/pgflibraryshapes.misc.c
ode.tex
File: pgflibraryshapes.misc.code.tex 2013/07/18 v3.0.1 (rcs-revision 1.5)
))
(/usr/share/texmf-site/tex/generic/pgf/frontendlayer/tikz/libraries/tikzlibrary
shapes.symbols.code.tex
File: tikzlibraryshapes.symbols.code.tex 2008/01/09 v3.0.1 (rcs-revision 1.1)

(/usr/share/texmf-site/tex/generic/pgf/libraries/shapes/pgflibraryshapes.symbol
s.code.tex
File: pgflibraryshapes.symbols.code.tex 2013/09/11 v3.0.1 (rcs-revision 1.6)
))
(/usr/share/texmf-site/tex/generic/pgf/frontendlayer/tikz/libraries/tikzlibrary
shapes.arrows.code.tex
File: tikzlibraryshapes.arrows.code.tex 2008/01/09 v3.0.1 (rcs-revision 1.1)

(/usr/share/texmf-site/tex/generic/pgf/libraries/shapes/pgflibraryshapes.arrows
.code.tex
File: pgflibraryshapes.arrows.code.tex 2008/06/26 v3.0.1 (rcs-revision 1.1)
))
(/usr/share/texmf-site/tex/generic/pgf/frontendlayer/tikz/libraries/tikzlibrary
shapes.callouts.code.tex
(/usr/share/texmf-site/tex/generic/pgf/libraries/shapes/pgflibraryshapes.callou
ts.code.tex))
(/usr/share/texmf-site/tex/generic/pgf/frontendlayer/tikz/libraries/tikzlibrary
shapes.multipart.code.tex
File: tikzlibraryshapes.multipart.code.tex 2008/01/09 v3.0.1 (rcs-revision 1.1)


(/usr/share/texmf-site/tex/generic/pgf/libraries/shapes/pgflibraryshapes.multip
art.code.tex
File: pgflibraryshapes.multipart.code.tex 2010/01/07 v3.0.1 (rcs-revision 1.2)
\pgfnodepartlowerbox=\box43
\pgfnodeparttwobox=\box44
\pgfnodepartthreebox=\box45
\pgfnodepartfourbox=\box46
\pgfnodeparttwentybox=\box47
\pgfnodepartnineteenbox=\box48
\pgfnodeparteighteenbox=\box49
\pgfnodepartseventeenbox=\box50
\pgfnodepartsixteenbox=\box51
\pgfnodepartfifteenbox=\box52
\pgfnodepartfourteenbox=\box53
\pgfnodepartthirteenbox=\box54
\pgfnodeparttwelvebox=\box55
\pgfnodepartelevenbox=\box56
\pgfnodeparttenbox=\box57
\pgfnodepartninebox=\box58
\pgfnodeparteightbox=\box59
\pgfnodepartsevenbox=\box60
\pgfnodepartsixbox=\box61
\pgfnodepartfivebox=\box62
)))
(/usr/share/texmf-site/tex/generic/pgf/frontendlayer/tikz/libraries/tikzlibrary
arrows.code.tex
File: tikzlibraryarrows.code.tex 2008/01/09 v3.0.1 (rcs-revision 1.1)

(/usr/share/texmf-site/tex/generic/pgf/libraries/pgflibraryarrows.code.tex
File: pgflibraryarrows.code.tex 2013/09/23 v3.0.1 (rcs-revision 1.16)
\arrowsize=\dimen189
))
(/usr/share/texmf-site/tex/generic/pgf/frontendlayer/tikz/libraries/tikzlibrary
positioning.code.tex
File: tikzlibrarypositioning.code.tex 2008/10/06 v3.0.1 (rcs-revision 1.7)
)
(/usr/share/texmf-site/tex/generic/pgf/frontendlayer/tikz/libraries/tikzlibrary
spy.code.tex
File: tikzlibraryspy.code.tex 2011/05/19 v3.0.1 (rcs-revision 1.4)
\tikz@lib@spybox=\box63
) (./embedded.aux)
\openout1 = `embedded.aux'.

LaTeX Font Info:    Checking defaults for OML/cmm/m/it on input line 32.
LaTeX Font Info:    ... okay on input line 32.
LaTeX Font Info:    Checking defaults for T1/cmr/m/n on input line 32.
LaTeX Font Info:    ... okay on input line 32.
LaTeX Font Info:    Checking defaults for OT1/cmr/m/n on input line 32.
LaTeX Font Info:    ... okay on input line 32.
LaTeX Font Info:    Checking defaults for OMS/cmsy/m/n on input line 32.
LaTeX Font Info:    ... okay on input line 32.
LaTeX Font Info:    Checking defaults for OMX/cmex/m/n on input line 32.
LaTeX Font Info:    ... okay on input line 32.
LaTeX Font Info:    Checking defaults for U/cmr/m/n on input line 32.
LaTeX Font Info:    ... okay on input line 32.
LaTeX Font Info:    Checking defaults for PD1/pdf/m/n on input line 32.
LaTeX Font Info:    ... okay on input line 32.

*geometry* driver: auto-detecting
*geometry* detected driver: pdftex
*geometry* verbose mode - [ preamble ] result:
* driver: pdftex
* paper: a4paper
* layout: <same size as paper>
* layoutoffset:(h,v)=(0.0pt,0.0pt)
* modes: 
* h-part:(L,W,R)=(113.81102pt, 426.79135pt, 56.9055pt)
* v-part:(T,H,B)=(101.40665pt, 591.5302pt, 152.11pt)
* \paperwidth=597.50787pt
* \paperheight=845.04684pt
* \textwidth=426.79135pt
* \textheight=591.5302pt
* \oddsidemargin=41.54103pt
* \evensidemargin=41.54103pt
* \topmargin=-7.86334pt
* \headheight=12.0pt
* \headsep=25.0pt
* \topskip=11.0pt
* \footskip=30.0pt
* \marginparwidth=59.0pt
* \marginparsep=10.0pt
* \columnsep=10.0pt
* \skip\footins=10.0pt plus 4.0pt minus 2.0pt
* \hoffset=0.0pt
* \voffset=0.0pt
* \mag=1000
* \@twocolumnfalse
* \@twosidefalse
* \@mparswitchfalse
* \@reversemarginfalse
* (1in=72.27pt=25.4mm, 1cm=28.453pt)

\c@lstlisting=\count146
(/usr/share/texmf-dist/tex/context/base/supp-pdf.mkii
[Loading MPS to PDF converter (version 2006.09.02).]
\scratchcounter=\count147
\scratchdimen=\dimen190
\scratchbox=\box64
\nofMPsegments=\count148
\nofMParguments=\count149
\everyMPshowfont=\toks35
\MPscratchCnt=\count150
\MPscratchDim=\dimen191
\MPnumerator=\count151
\makeMPintoPDFobject=\count152
\everyMPtoPDFconversion=\toks36
) (/usr/share/texmf-dist/tex/latex/oberdiek/epstopdf-base.sty
Package: epstopdf-base 2010/02/09 v2.5 Base part for package epstopdf

(/usr/share/texmf-dist/tex/latex/oberdiek/grfext.sty
Package: grfext 2010/08/19 v1.1 Manage graphics extensions (HO)
)
Package grfext Info: Graphics extension search list:
(grfext)             [.png,.pdf,.jpg,.mps,.jpeg,.jbig2,.jb2,.PNG,.PDF,.JPG,.JPE
G,.JBIG2,.JB2,.eps]
(grfext)             \AppendGraphicsExtensions on input line 452.

(/usr/share/texmf-dist/tex/latex/latexconfig/epstopdf-sys.cfg
File: epstopdf-sys.cfg 2010/07/13 v1.3 Configuration of (r)epstopdf for TeX Liv
e
))
ABD: EveryShipout initializing macros
\AtBeginShipoutBox=\box65
Package hyperref Info: Link coloring OFF on input line 32.

(/usr/share/texmf-dist/tex/latex/hyperref/nameref.sty
Package: nameref 2012/10/27 v2.43 Cross-referencing by name of section

(/usr/share/texmf-dist/tex/generic/oberdiek/gettitlestring.sty
Package: gettitlestring 2010/12/03 v1.4 Cleanup title references (HO)
)
\c@section@level=\count153
)
LaTeX Info: Redefining \ref on input line 32.
LaTeX Info: Redefining \pageref on input line 32.
LaTeX Info: Redefining \nameref on input line 32.

(./embedded.out) (./embedded.out)
\@outlinefile=\write4
\openout4 = `embedded.out'.

 [1

{/var/lib/texmf/fonts/map/pdftex/updmap/pdftex.map}] [1] (./embedded.toc)
\tf@toc=\write5
\openout5 = `embedded.toc'.


(/usr/share/texmf-dist/tex/latex/listings/lstlang1.sty
File: lstlang1.sty 2014/09/06 1.5e listings language file
)
(/usr/share/texmf-dist/tex/latex/listings/lstmisc.sty
File: lstmisc.sty 2014/09/06 1.5e (Carsten Heinz)
) [2]
Missing character: There is no â in font cmr10!
Missing character: There is no € in font cmr10!
Missing character: There is no ™ in font cmr10!
Missing character: There is no â in font cmr10!
Missing character: There is no € in font cmr10!
Missing character: There is no “ in font cmr10!
Missing character: There is no â in font cmr10!
Missing character: There is no € in font cmr10!
Missing character: There is no “ in font cmr10!
Missing character: There is no â in font cmr10!
Missing character: There is no € in font cmr10!
Missing character: There is no “ in font cmr10!
Missing character: There is no â in font cmr10!
Missing character: There is no € in font cmr10!
Missing character: There is no “ in font cmr10!
pdfTeX warning (ext4): destination with the same identifier (name{page.1}) has 
been already used, duplicate ignored
<to be read again> 
                   \relax 
l.109 \newpage
               [1]
Missing character: There is no â in font cmr10!
Missing character: There is no € in font cmr10!
Missing character: There is no ™ in font cmr10!
LaTeX Font Info:    Try loading font information for OMS+cmr on input line 124.

 (/usr/share/texmf-dist/tex/latex/base/omscmr.fd
File: omscmr.fd 1999/05/25 v2.5h Standard LaTeX font definitions
)
LaTeX Font Info:    Font shape `OMS/cmr/m/n' in size <10.95> not available
(Font)              Font shape `OMS/cmsy/m/n' tried instead on input line 124.
Missing character: There is no â in font cmr10!
Missing character: There is no € in font cmr10!
Missing character: There is no “ in font cmr10!
 [2]
[3]
Missing character: There is no â in font cmr10!
Missing character: There is no € in font cmr10!
Missing character: There is no “ in font cmr10!
Missing character: There is no â in font cmr10!
Missing character: There is no € in font cmr10!
Missing character: There is no “ in font cmr10!
 [4] [5] [6] [7]
Missing character: There is no ã in font cmr10!
Missing character: There is no ¦ in font cmr10!
Missing character: There is no ¬ in font cmr10!
Missing character: There is no ä in font cmr10!
Missing character: There is no   in font cmr10!
Missing character: There is no ´ in font cmr10!
Missing character: There is no ã in font cmr10!
Missing character: There is no ¦ in font cmr10!
Missing character: There is no ¬ in font cmr10!
Missing character: There is no ä in font cmr10!
Missing character: There is no   in font cmr10!
Missing character: There is no © in font cmr10!
Missing character: There is no ã in font cmr10!
Missing character: There is no ¢ in font cmr10!
Missing character: There is no ² in font cmr10!
Missing character: There is no ä in font cmr10!
Missing character: There is no   in font cmr10!
Missing character: There is no · in font cmr10!
Missing character: There is no ã in font cmr10!
Missing character: There is no ‚ in font cmr10!
Missing character: There is no ² in font cmr10!
Missing character: There is no ä in font cmr10!
Missing character: There is no ¬ in font cmr10!
Missing character: There is no ” in font cmr10!
Missing character: There is no ä in font cmr10!
Missing character: There is no ¬ in font cmr10!
Missing character: There is no ” in font cmr10!
Missing character: There is no ä in font cmr10!
Missing character: There is no   in font cmr10!
Missing character: There is no ¬ in font cmr10!
 [8]
Missing character: There is no à in font cmr10!
Missing character: There is no   in font cmr10!
Missing character: There is no ¤ in font cmr10!
Missing character: There is no â in font cmr10!
Missing character: There is no ³ in font cmr10!
Missing character: There is no   in font cmr10!
 [9] [10] [11]
Missing character: There is no ã in font cmr10!
Missing character: There is no ¯ in font cmr10!
Missing character: There is no ® in font cmr10!
Missing character: There is no ä in font cmr10!
Missing character: There is no ¬ in font cmr10!
Missing character: There is no   in font cmr10!
 [12] [13]
<block.png, id=188, 896.34875pt x 753.81625pt>
File: block.png Graphic file (type png)
 <use block.png>
Package pdftex.def Info: block.png used on input line 325.
(pdftex.def)             Requested size: 398.33858pt x 334.99284pt.
 [14 <./block.png>]
Missing character: There is no â in font cmr10!
Missing character: There is no € in font cmr10!
Missing character: There is no ™ in font cmr10!
 [15] <hc-sr04.jpg, id=208, 93.34875pt x 71.36662pt>
File: hc-sr04.jpg Graphic file (type jpg)
 <use hc-sr04.jpg>
Package pdftex.def Info: hc-sr04.jpg used on input line 357.
(pdftex.def)             Requested size: 113.81102pt x 87.01378pt.

<mounted_encoder.jpg, id=209, 2417.03pt x 2348.775pt>
File: mounted_encoder.jpg Graphic file (type jpg)

<use mounted_encoder.jpg>
Package pdftex.def Info: mounted_encoder.jpg used on input line 372.
(pdftex.def)             Requested size: 113.81102pt x 110.56447pt.

Underfull \hbox (badness 10000) in paragraph at lines 373--373
[]\OT1/cmr/m/n/10.95 Figure 3: []Optical
 []


Underfull \hbox (badness 3168) in paragraph at lines 373--373
\OT1/cmr/m/n/10.95 switch PCB mounted
 []

[16 <./hc-sr04.jpg> <./mounted_encoder.jpg>]

LaTeX Warning: `h' float specifier changed to `ht'.

[17] [18] (./usart.c
LaTeX Font Info:    Font shape `OT1/cmtt/bx/n' in size <9> not available
(Font)              Font shape `OT1/cmtt/m/n' tried instead on input line 1.
)
LaTeX Font Info:    Try loading font information for OMS+cmtt on input line 454
.
LaTeX Font Info:    No file OMScmtt.fd. on input line 454.


LaTeX Font Warning: Font shape `OMS/cmtt/m/n' undefined
(Font)              using `OMS/cmsy/m/n' instead
(Font)              for symbol `textbackslash' on input line 454.

[19]
Overfull \hbox (4.6642pt too wide) in paragraph at lines 473--474
[]\OT1/cmr/m/n/10.95 where A is the Ar-duino Nano mi-cro-con-troller ID num-ber
, as de-scribed in TODO:USART
 []

(./error.c) [20] <TCP1.png, id=286, 273.4215pt x 112.62074pt>
File: TCP1.png Graphic file (type png)
 <use TCP1.png>
Package pdftex.def Info: TCP1.png used on input line 491.
(pdftex.def)             Requested size: 156.49014pt x 64.45912pt.

<TCP2.png, id=287, 273.4215pt x 112.62074pt>
File: TCP2.png Graphic file (type png)
 <use TCP2.png>
Package pdftex.def Info: TCP2.png used on input line 492.
(pdftex.def)             Requested size: 156.49014pt x 64.45912pt.

<TCPgood.png, id=288, 95.1555pt x 116.8365pt>
File: TCPgood.png Graphic file (type png)
 <use TCPgood.png>
Package pdftex.def Info: TCPgood.png used on input line 494.
(pdftex.def)             Requested size: 56.9055pt x 69.87245pt.

<TCPbad.png, id=289, 262.581pt x 116.8365pt>
File: TCPbad.png Graphic file (type png)
 <use TCPbad.png>
Package pdftex.def Info: TCPbad.png used on input line 495.
(pdftex.def)             Requested size: 156.49014pt x 69.62999pt.
 [21 <./TCP1.png> <./TCP2.png> <./TCPgood.png> <./TCPbad.png>]
<TCPkit.png, id=300, 204.16275pt x 55.407pt>
File: TCPkit.png Graphic file (type png)
 <use TCPkit.png>
Package pdftex.def Info: TCPkit.png used on input line 515.
(pdftex.def)             Requested size: 142.26378pt x 38.60876pt.

<TCPpi.png, id=301, 137.91525pt x 38.544pt>
File: TCPpi.png Graphic file (type png)
 <use TCPpi.png>
Package pdftex.def Info: TCPpi.png used on input line 516.
(pdftex.def)             Requested size: 142.26378pt x 39.76132pt.
 [22 <./TCPkit.png> <./TCPpi.png>] [23] [24] (./multiplex.c) [25] [26]
<encoders.jpg, id=352, 5331.92pt x 2999.205pt>
File: encoders.jpg Graphic file (type jpg)
 <use encoders.jpg>
Package pdftex.def Info: encoders.jpg used on input line 573.
(pdftex.def)             Requested size: 227.62204pt x 128.00226pt.
 [27 <./encoders.jpg>] [28] [29] <GUI.png, id=378, 814.04124pt x 648.4225pt>
File: GUI.png Graphic file (type png)
 <use GUI.png>
Package pdftex.def Info: GUI.png used on input line 620.
(pdftex.def)             Requested size: 170.71652pt x 135.98476pt.

[30 <./GUI.png>] (/usr/share/texmf-dist/tex/latex/listings/lstlang1.sty
File: lstlang1.sty 2014/09/06 1.5e listings language file
)
(./check_front.py [31]) [32] [33] [34] [35] [36] (./embedded.bbl
Missing character: There is no Â in font cmti10!
Missing character: There is no ® in font cmti10!

Underfull \hbox (badness 2790) in paragraph at lines 22--25
[]\OT1/cmr/m/n/10.95 Tcpclient class, 2017a.  URL []$\OT1/cmtt/m/n/10.95 https 
: / / msdn . microsoft . com / en-[]us /
 []

) [37]
Package atveryend Info: Empty hook `BeforeClearDocument' on input line 713.
Package atveryend Info: Empty hook `AfterLastShipout' on input line 713.
 (./embedded.aux)
Package atveryend Info: Executing hook `AtVeryEndDocument' on input line 713.
Package atveryend Info: Executing hook `AtEndAfterFileList' on input line 713.
Package rerunfilecheck Info: File `embedded.out' has not changed.
(rerunfilecheck)             Checksum: 36B8C24004F09128A02E5576BC502118;896.


LaTeX Font Warning: Some font shapes were not available, defaults substituted.

Package atveryend Info: Empty hook `AtVeryVeryEnd' on input line 713.
 ) 
Here is how much of TeX's memory you used:
 22225 strings out of 494972
 426751 string characters out of 6179837
 562816 words of memory out of 5000000
 24864 multiletter control sequences out of 15000+600000
 12503 words of font info for 46 fonts, out of 8000000 for 9000
 14 hyphenation exceptions out of 8191
 64i,16n,67p,1918b,1892s stack positions out of 5000i,500n,10000p,200000b,80000s
pdfTeX warning (dest): name{Hfootnote.2} has been referenced but does not exi
st, replaced by a fixed one

pdfTeX warning (dest): name{Hfootnote.1} has been referenced but does not exist
, replaced by a fixed one

</usr/share/texmf-dist/fonts/type1/public/amsfonts/cm/cmbx10.pfb></usr/share/te
xmf-dist/fonts/type1/public/amsfonts/cm/cmbx12.pfb></usr/share/texmf-dist/fonts
/type1/public/amsfonts/cm/cmcsc10.pfb></usr/share/texmf-dist/fonts/type1/public
/amsfonts/cm/cmmi10.pfb></usr/share/texmf-dist/fonts/type1/public/amsfonts/cm/c
mmi8.pfb></usr/share/texmf-dist/fonts/type1/public/amsfonts/cm/cmr10.pfb></usr/
share/texmf-dist/fonts/type1/public/amsfonts/cm/cmr17.pfb></usr/share/texmf-dis
t/fonts/type1/public/amsfonts/cm/cmr6.pfb></usr/share/texmf-dist/fonts/type1/pu
blic/amsfonts/cm/cmr8.pfb></usr/share/texmf-dist/fonts/type1/public/amsfonts/cm
/cmr9.pfb></usr/share/texmf-dist/fonts/type1/public/amsfonts/cm/cmss10.pfb></us
r/share/texmf-dist/fonts/type1/public/amsfonts/cm/cmsy10.pfb></usr/share/texmf-
dist/fonts/type1/public/amsfonts/cm/cmsy8.pfb></usr/share/texmf-dist/fonts/type
1/public/amsfonts/cm/cmti10.pfb></usr/share/texmf-dist/fonts/type1/public/amsfo
nts/cm/cmti9.pfb></usr/share/texmf-dist/fonts/type1/public/amsfonts/cm/cmtt10.p
fb></usr/share/texmf-dist/fonts/type1/public/amsfonts/cm/cmtt9.pfb>
Output written on embedded.pdf (40 pages, 6738975 bytes).
PDF statistics:
 556 PDF objects out of 1000 (max. 8388607)
 479 compressed objects within 5 object streams
 177 named destinations out of 1000 (max. 500000)
 204 words of extra memory for PDF output out of 10000 (max. 10000000)

